<?xml version="1.0" encoding="UTF-8" ?>
<testsuite failures="0" time="3.703" errors="0" skipped="0" tests="1" name="cma.store.junit.FirstClassTest">
  <properties>
    <property name="java.runtime.name" value="Java(TM) SE Runtime Environment"/>
    <property name="sun.boot.library.path" value="C:\Users\Filip\jdk1.7.0_05\jdk1.7.0_05\jre\bin"/>
    <property name="java.vm.version" value="23.1-b03"/>
    <property name="java.vm.vendor" value="Oracle Corporation"/>
    <property name="java.vendor.url" value="http://java.oracle.com/"/>
    <property name="path.separator" value=";"/>
    <property name="guice.disable.misplaced.annotation.check" value="true"/>
    <property name="java.vm.name" value="Java HotSpot(TM) 64-Bit Server VM"/>
    <property name="file.encoding.pkg" value="sun.io"/>
    <property name="user.script" value=""/>
    <property name="user.country" value="PL"/>
    <property name="sun.java.launcher" value="SUN_STANDARD"/>
    <property name="sun.os.patch.level" value="Service Pack 1"/>
    <property name="java.vm.specification.name" value="Java Virtual Machine Specification"/>
    <property name="user.dir" value="C:\Users\Filip\WMS\WMS"/>
    <property name="java.runtime.version" value="1.7.0_05-b05"/>
    <property name="java.awt.graphicsenv" value="sun.awt.Win32GraphicsEnvironment"/>
    <property name="java.endorsed.dirs" value="C:\Users\Filip\jdk1.7.0_05\jdk1.7.0_05\jre\lib\endorsed"/>
    <property name="os.arch" value="amd64"/>
    <property name="java.io.tmpdir" value="C:\Users\Filip\AppData\Local\Temp\"/>
    <property name="line.separator" value="
"/>
    <property name="java.vm.specification.vendor" value="Oracle Corporation"/>
    <property name="user.variant" value=""/>
    <property name="os.name" value="Windows 7"/>
    <property name="classworlds.conf" value="C:\Users\Filip\workspace\.metadata\.plugins\org.eclipse.m2e.core\launches\m2conf2341213187174129469.tmp"/>
    <property name="sun.jnu.encoding" value="Cp1250"/>
    <property name="java.library.path" value="C:\Users\Filip\jdk1.7.0_05\jdk1.7.0_05\bin;C:\windows\Sun\Java\bin;C:\windows\system32;C:\windows;C:\Program Files\Common Files\Microsoft Shared\Windows Live;C:\Program Files (x86)\Common Files\Microsoft Shared\Windows Live;C:\windows\system32;C:\windows;C:\windows\System32\Wbem;C:\windows\System32\WindowsPowerShell\v1.0\;C:\Program Files\Intel\WiFi\bin\;C:\Program Files\Common Files\Intel\WirelessCommon\;C:\Program Files\Lenovo\Bluetooth Software\;C:\Program Files\Lenovo\Bluetooth Software\syswow64;C:\Program Files (x86)\Windows Live\Shared;C:\Program Files\TortoiseSVN\bin;."/>
    <property name="java.specification.name" value="Java Platform API Specification"/>
    <property name="java.class.version" value="51.0"/>
    <property name="sun.management.compiler" value="HotSpot 64-Bit Tiered Compilers"/>
    <property name="os.version" value="6.1"/>
    <property name="user.home" value="C:\Users\Filip"/>
    <property name="user.timezone" value="America/New_York"/>
    <property name="java.awt.printerjob" value="sun.awt.windows.WPrinterJob"/>
    <property name="java.specification.version" value="1.7"/>
    <property name="file.encoding" value="Cp1250"/>
    <property name="user.name" value="Filip"/>
    <property name="java.class.path" value="/C:/Users/Filip/Desktop/eclipse-jee-juno-win32-x86_64/eclipse/plugins/org.eclipse.m2e.maven.runtime_1.1.0.20120529-1956/jars/plexus-classworlds-2.4.jar"/>
    <property name="java.vm.specification.version" value="1.7"/>
    <property name="sun.arch.data.model" value="64"/>
    <property name="java.home" value="C:\Users\Filip\jdk1.7.0_05\jdk1.7.0_05\jre"/>
    <property name="sun.java.command" value="org.codehaus.plexus.classworlds.launcher.Launcher -B clean install"/>
    <property name="java.specification.vendor" value="Oracle Corporation"/>
    <property name="user.language" value="pl"/>
    <property name="awt.toolkit" value="sun.awt.windows.WToolkit"/>
    <property name="java.vm.info" value="mixed mode"/>
    <property name="java.version" value="1.7.0_05"/>
    <property name="java.ext.dirs" value="C:\Users\Filip\jdk1.7.0_05\jdk1.7.0_05\jre\lib\ext;C:\windows\Sun\Java\lib\ext"/>
    <property name="sun.boot.class.path" value="C:\Users\Filip\jdk1.7.0_05\jdk1.7.0_05\jre\lib\resources.jar;C:\Users\Filip\jdk1.7.0_05\jdk1.7.0_05\jre\lib\rt.jar;C:\Users\Filip\jdk1.7.0_05\jdk1.7.0_05\jre\lib\sunrsasign.jar;C:\Users\Filip\jdk1.7.0_05\jdk1.7.0_05\jre\lib\jsse.jar;C:\Users\Filip\jdk1.7.0_05\jdk1.7.0_05\jre\lib\jce.jar;C:\Users\Filip\jdk1.7.0_05\jdk1.7.0_05\jre\lib\charsets.jar;C:\Users\Filip\jdk1.7.0_05\jdk1.7.0_05\jre\lib\jfr.jar;C:\Users\Filip\jdk1.7.0_05\jdk1.7.0_05\jre\classes"/>
    <property name="java.vendor" value="Oracle Corporation"/>
    <property name="maven.home" value="C:\Users\Filip\WMS\WMS\EMBEDDED"/>
    <property name="file.separator" value="\"/>
    <property name="java.vendor.url.bug" value="http://bugreport.sun.com/bugreport/"/>
    <property name="sun.cpu.endian" value="little"/>
    <property name="sun.io.unicode.encoding" value="UnicodeLittle"/>
    <property name="sun.desktop" value="windows"/>
    <property name="sun.cpu.isalist" value="amd64"/>
  </properties>
  <testcase time="3.635" classname="cma.store.junit.FirstClassTest" name="controllerIsNull"/>
</testsuite>